Using pre-set license
Built from '2020.3/release' branch; Version is '2020.3.7f1 (dd97f2c94397) revision 14522354'; Using compiler version '192528614'; Build Type 'Release'
OS: 'Windows 10 Home; OS build 19043.1415; Version 2009; 64bit' Language: 'es' Physical Memory: 8064 MB
BatchMode: 1, IsHumanControllingUs: 0, StartBugReporterOnCrash: 0, Is64bit: 1, IsPro: 0

 COMMAND LINE ARGUMENTS:
C:\Program Files\Unity\Hub\Editor\2020.3.7f1\Editor\Unity.exe
-adb2
-batchMode
-noUpm
-name
AssetImportWorker0
-projectPath
C:/Users/gon_k/Desktop/Create To Code/Persistance Data JrP/Persistance-DATA/PersistanceDataProject
-logFile
Logs/AssetImportWorker0.log
-srvPort
52228
Successfully changed project path to: C:/Users/gon_k/Desktop/Create To Code/Persistance Data JrP/Persistance-DATA/PersistanceDataProject
C:/Users/gon_k/Desktop/Create To Code/Persistance Data JrP/Persistance-DATA/PersistanceDataProject
Using Asset Import Pipeline V2.
Refreshing native plugins compatible for Editor in 66.42 ms, found 1 plugins.
Preloading 0 native plugins for Editor in 0.00 ms.
Initialize engine version: 2020.3.7f1 (dd97f2c94397)
[Subsystems] Discovering subsystems at path C:/Program Files/Unity/Hub/Editor/2020.3.7f1/Editor/Data/Resources/UnitySubsystems
[Subsystems] Discovering subsystems at path C:/Users/gon_k/Desktop/Create To Code/Persistance Data JrP/Persistance-DATA/PersistanceDataProject/Assets
GfxDevice: creating device client; threaded=0
Direct3D:
    Version:  Direct3D 11.0 [level 11.1]
    Renderer: Intel(R) UHD Graphics 610 (ID=0x3e90)
    Vendor:   
    VRAM:     4032 MB
    Driver:   26.20.100.7642
Initialize mono
Mono path[0] = 'C:/Program Files/Unity/Hub/Editor/2020.3.7f1/Editor/Data/Managed'
Mono path[1] = 'C:/Program Files/Unity/Hub/Editor/2020.3.7f1/Editor/Data/MonoBleedingEdge/lib/mono/unityjit'
Mono config path = 'C:/Program Files/Unity/Hub/Editor/2020.3.7f1/Editor/Data/MonoBleedingEdge/etc'
Using monoOptions --debugger-agent=transport=dt_socket,embedding=1,server=y,suspend=n,address=127.0.0.1:56320
Begin MonoManager ReloadAssembly
Registering precompiled unity dll's ...
Register platform support module: C:/Program Files/Unity/Hub/Editor/2020.3.7f1/Editor/Data/PlaybackEngines/WindowsStandaloneSupport/UnityEditor.WindowsStandalone.Extensions.dll
Registered in 0.002166 seconds.
Native extension for WindowsStandalone target not found
Refreshing native plugins compatible for Editor in 39.86 ms, found 1 plugins.
Preloading 0 native plugins for Editor in 0.00 ms.
Mono: successfully reloaded assembly
- Completed reload, in  1.136 seconds
Platform modules already initialized, skipping
Registering precompiled user dll's ...
Registered in 0.001182 seconds.
Begin MonoManager ReloadAssembly
Native extension for WindowsStandalone target not found
Refreshing native plugins compatible for Editor in 37.90 ms, found 1 plugins.
Preloading 0 native plugins for Editor in 0.00 ms.
Mono: successfully reloaded assembly
- Completed reload, in  1.106 seconds
Platform modules already initialized, skipping
========================================================================
Worker process is ready to serve import requests
Launched and connected shader compiler UnityShaderCompiler.exe after 0.04 seconds
Refreshing native plugins compatible for Editor in 0.38 ms, found 1 plugins.
Preloading 0 native plugins for Editor in 0.00 ms.
Unloading 1828 Unused Serialized files (Serialized files now loaded: 0)
System memory in use before: 87.9 MB.
System memory in use after: 87.8 MB.

Unloading 24 unused Assets to reduce memory usage. Loaded Objects now: 2270.
Total: 2.247100 ms (FindLiveObjects: 0.182900 ms CreateObjectMapping: 0.064700 ms MarkObjects: 1.869600 ms  DeleteObjects: 0.128600 ms)

========================================================================
Received Import Request.
  path: Assets/Bounce.physicMaterial
  artifactKey: Guid(bc24b7fc41d5dfb4698e2ca16a37dfad) Importer(815301076,1909f56bfc062723c751e8b465ee728b)
Start importing Assets/Bounce.physicMaterial using Guid(bc24b7fc41d5dfb4698e2ca16a37dfad) Importer(815301076,1909f56bfc062723c751e8b465ee728b)  -> (artifact id: 'eb26832bbb8a70b6420dce2029bdabc3') in 0.163315 seconds
  Import took 0.168454 seconds .

========================================================================
Received Import Request.
  Time since last request: 11.387305 seconds.
  path: Assets/Scenes
  artifactKey: Guid(3927cc789d836194b8c2dc7ec98ae118) Importer(815301076,1909f56bfc062723c751e8b465ee728b)
Start importing Assets/Scenes using Guid(3927cc789d836194b8c2dc7ec98ae118) Importer(815301076,1909f56bfc062723c751e8b465ee728b)  -> (artifact id: 'af91611026e7df36ea375f8ddc6b0f50') in 0.013170 seconds
  Import took 0.017242 seconds .

========================================================================
Received Import Request.
  Time since last request: 0.139368 seconds.
  path: Assets/Scenes
  artifactKey: Guid(3927cc789d836194b8c2dc7ec98ae118) Importer(815301076,1909f56bfc062723c751e8b465ee728b)
Start importing Assets/Scenes using Guid(3927cc789d836194b8c2dc7ec98ae118) Importer(815301076,1909f56bfc062723c751e8b465ee728b)  -> (artifact id: 'af91611026e7df36ea375f8ddc6b0f50') in 0.019154 seconds
  Import took 0.034929 seconds .

========================================================================
Received Import Request.
  Time since last request: 2.328809 seconds.
  path: Assets/Scenes/Menu.unity
  artifactKey: Guid(ae666798a74d3a5488e0c0ec42a1265d) Importer(815301076,1909f56bfc062723c751e8b465ee728b)
Start importing Assets/Scenes/Menu.unity using Guid(ae666798a74d3a5488e0c0ec42a1265d) Importer(815301076,1909f56bfc062723c751e8b465ee728b)  -> (artifact id: 'bd610564ce46e29285eed997d03b1831') in 0.060931 seconds
  Import took 0.090864 seconds .

